<?xml version="1.0" encoding="UTF-8"?>
<testsuite xmlns:xsi="http://www.w3.org/2001/XMLSchema-instance" xsi:noNamespaceSchemaLocation="https://maven.apache.org/surefire/maven-surefire-plugin/xsd/surefire-test-report-3.0.xsd" version="3.0" name="com.eduverse.config.DatabaseConfigTest" time="0.733" tests="1" errors="0" skipped="0" failures="0">
  <properties>
[...]
</properties>
  <testcase name="testDatabaseConnection" classname="com.eduverse.config.DatabaseConfigTest" time="0.665">
    <system-out><![CDATA[16:42:56.961 [main] DEBUG com.zaxxer.hikari.HikariConfig - Driver class com.mysql.cj.jdbc.Driver found in Thread context class loader jdk.internal.loader.ClassLoaders$AppClassLoader@73d16e93
16:42:56.977 [main] DEBUG com.zaxxer.hikari.HikariConfig - HikariPool-1 - configuration:
16:42:56.994 [main] DEBUG com.zaxxer.hikari.HikariConfig - allowPoolSuspension.............false
16:42:56.995 [main] DEBUG com.zaxxer.hikari.HikariConfig - autoCommit......................true
16:42:56.995 [main] DEBUG com.zaxxer.hikari.HikariConfig - catalog.........................none
16:42:56.995 [main] DEBUG com.zaxxer.hikari.HikariConfig - connectionInitSql...............none
16:42:56.996 [main] DEBUG com.zaxxer.hikari.HikariConfig - connectionTestQuery.............none
16:42:56.996 [main] DEBUG com.zaxxer.hikari.HikariConfig - connectionTimeout...............30000
16:42:56.996 [main] DEBUG com.zaxxer.hikari.HikariConfig - dataSource......................none
16:42:56.996 [main] DEBUG com.zaxxer.hikari.HikariConfig - dataSourceClassName.............none
16:42:56.997 [main] DEBUG com.zaxxer.hikari.HikariConfig - dataSourceJNDI..................none
16:42:56.997 [main] DEBUG com.zaxxer.hikari.HikariConfig - dataSourceProperties............{maintainTimeStats=false, password=<masked>, prepStmtCacheSqlLimit=2048, rewriteBatchedStatements=true, elideSetAutoCommits=true, cachePrepStmts=true, cacheResultSetMetadata=true, prepStmtCacheSize=250, useServerPrepStmts=true, useLocalSessionState=true, cacheServerConfiguration=true}
16:42:57.000 [main] DEBUG com.zaxxer.hikari.HikariConfig - driverClassName................."com.mysql.cj.jdbc.Driver"
16:42:57.001 [main] DEBUG com.zaxxer.hikari.HikariConfig - exceptionOverrideClassName......none
16:42:57.002 [main] DEBUG com.zaxxer.hikari.HikariConfig - healthCheckProperties...........{}
16:42:57.002 [main] DEBUG com.zaxxer.hikari.HikariConfig - healthCheckRegistry.............none
16:42:57.003 [main] DEBUG com.zaxxer.hikari.HikariConfig - idleTimeout.....................600000
16:42:57.003 [main] DEBUG com.zaxxer.hikari.HikariConfig - initializationFailTimeout.......1
16:42:57.003 [main] DEBUG com.zaxxer.hikari.HikariConfig - isolateInternalQueries..........false
16:42:57.004 [main] DEBUG com.zaxxer.hikari.HikariConfig - jdbcUrl.........................jdbc:mysql://localhost:3306/eduverse?allowPublicKeyRetrieval=true&useSSL=false
16:42:57.004 [main] DEBUG com.zaxxer.hikari.HikariConfig - keepaliveTime...................0
16:42:57.009 [main] DEBUG com.zaxxer.hikari.HikariConfig - leakDetectionThreshold..........0
16:42:57.010 [main] DEBUG com.zaxxer.hikari.HikariConfig - maxLifetime.....................1800000
16:42:57.012 [main] DEBUG com.zaxxer.hikari.HikariConfig - maximumPoolSize.................10
16:42:57.013 [main] DEBUG com.zaxxer.hikari.HikariConfig - metricRegistry..................none
16:42:57.013 [main] DEBUG com.zaxxer.hikari.HikariConfig - metricsTrackerFactory...........none
16:42:57.013 [main] DEBUG com.zaxxer.hikari.HikariConfig - minimumIdle.....................10
16:42:57.014 [main] DEBUG com.zaxxer.hikari.HikariConfig - password........................<masked>
16:42:57.014 [main] DEBUG com.zaxxer.hikari.HikariConfig - poolName........................"HikariPool-1"
16:42:57.014 [main] DEBUG com.zaxxer.hikari.HikariConfig - readOnly........................false
16:42:57.015 [main] DEBUG com.zaxxer.hikari.HikariConfig - registerMbeans..................false
16:42:57.016 [main] DEBUG com.zaxxer.hikari.HikariConfig - scheduledExecutor...............none
16:42:57.016 [main] DEBUG com.zaxxer.hikari.HikariConfig - schema..........................none
16:42:57.017 [main] DEBUG com.zaxxer.hikari.HikariConfig - threadFactory...................internal
16:42:57.017 [main] DEBUG com.zaxxer.hikari.HikariConfig - transactionIsolation............default
16:42:57.017 [main] DEBUG com.zaxxer.hikari.HikariConfig - username........................"root"
16:42:57.019 [main] DEBUG com.zaxxer.hikari.HikariConfig - validationTimeout...............5000
16:42:57.027 [main] INFO com.zaxxer.hikari.HikariDataSource - HikariPool-1 - Starting...
16:42:57.462 [main] INFO com.zaxxer.hikari.pool.HikariPool - HikariPool-1 - Added connection com.mysql.cj.jdbc.ConnectionImpl@4ebff610
16:42:57.466 [main] INFO com.zaxxer.hikari.HikariDataSource - HikariPool-1 - Start completed.
Database connection successful!
]]></system-out>
  </testcase>
</testsuite>